Using pre-set license
Built from '2021.3/release' branch; Version is '2021.3.12f1 (8af3c3e441b1) revision 9106371'; Using compiler version '192829333'; Build Type 'Release'
OS: 'Windows 11  (10.0.22621) 64bit Core' Language: 'en' Physical Memory: 32627 MB
BatchMode: 1, IsHumanControllingUs: 0, StartBugReporterOnCrash: 0, Is64bit: 1, IsPro: 1

COMMAND LINE ARGUMENTS:
C:\Program Files\Unity\Hub\Editor\2021.3.12f1\Editor\Unity.exe
-adb2
-batchMode
-noUpm
-name
AssetImportWorker0
-projectPath
C:/Users/hello/whack-a-horse-udemy
-logFile
Logs/AssetImportWorker0.log
-srvPort
54904
Successfully changed project path to: C:/Users/hello/whack-a-horse-udemy
C:/Users/hello/whack-a-horse-udemy
[UnityMemory] Configuration Parameters - Can be set up in boot.config
    "memorysetup-bucket-allocator-granularity=16"
    "memorysetup-bucket-allocator-bucket-count=8"
    "memorysetup-bucket-allocator-block-size=33554432"
    "memorysetup-bucket-allocator-block-count=8"
    "memorysetup-main-allocator-block-size=16777216"
    "memorysetup-thread-allocator-block-size=16777216"
    "memorysetup-gfx-main-allocator-block-size=16777216"
    "memorysetup-gfx-thread-allocator-block-size=16777216"
    "memorysetup-cache-allocator-block-size=4194304"
    "memorysetup-typetree-allocator-block-size=2097152"
    "memorysetup-profiler-bucket-allocator-granularity=16"
    "memorysetup-profiler-bucket-allocator-bucket-count=8"
    "memorysetup-profiler-bucket-allocator-block-size=33554432"
    "memorysetup-profiler-bucket-allocator-block-count=8"
    "memorysetup-profiler-allocator-block-size=16777216"
    "memorysetup-profiler-editor-allocator-block-size=1048576"
    "memorysetup-temp-allocator-size-main=16777216"
    "memorysetup-job-temp-allocator-block-size=2097152"
    "memorysetup-job-temp-allocator-block-size-background=1048576"
    "memorysetup-job-temp-allocator-reduction-small-platforms=262144"
    "memorysetup-temp-allocator-size-background-worker=32768"
    "memorysetup-temp-allocator-size-job-worker=262144"
    "memorysetup-temp-allocator-size-preload-manager=33554432"
    "memorysetup-temp-allocator-size-nav-mesh-worker=65536"
    "memorysetup-temp-allocator-size-audio-worker=65536"
    "memorysetup-temp-allocator-size-cloud-worker=32768"
    "memorysetup-temp-allocator-size-gi-baking-worker=262144"
    "memorysetup-temp-allocator-size-gfx=262144"
Refreshing native plugins compatible for Editor in 68.58 ms, found 4 plugins.
Preloading 0 native plugins for Editor in 0.00 ms.
Initialize engine version: 2021.3.12f1 (8af3c3e441b1)
[Subsystems] Discovering subsystems at path C:/Program Files/Unity/Hub/Editor/2021.3.12f1/Editor/Data/Resources/UnitySubsystems
[Subsystems] Discovering subsystems at path C:/Users/hello/whack-a-horse-udemy/Assets
GfxDevice: creating device client; threaded=0; jobified=0
Direct3D:
    Version:  Direct3D 11.0 [level 11.1]
    Renderer: NVIDIA GeForce RTX 3090 (ID=0x2204)
    Vendor:   NVIDIA
    VRAM:     24340 MB
    Driver:   31.0.15.2698
Initialize mono
Mono path[0] = 'C:/Program Files/Unity/Hub/Editor/2021.3.12f1/Editor/Data/Managed'
Mono path[1] = 'C:/Program Files/Unity/Hub/Editor/2021.3.12f1/Editor/Data/MonoBleedingEdge/lib/mono/unityjit-win32'
Mono config path = 'C:/Program Files/Unity/Hub/Editor/2021.3.12f1/Editor/Data/MonoBleedingEdge/etc'
Using monoOptions --debugger-agent=transport=dt_socket,embedding=1,server=y,suspend=n,address=127.0.0.1:56372
Begin MonoManager ReloadAssembly
Registering precompiled unity dll's ...
Register platform support module: C:/Program Files/Unity/Hub/Editor/2021.3.12f1/Editor/Data/PlaybackEngines/WebGLSupport/UnityEditor.WebGL.Extensions.dll
Register platform support module: C:/Program Files/Unity/Hub/Editor/2021.3.12f1/Editor/Data/PlaybackEngines/WindowsStandaloneSupport/UnityEditor.WindowsStandalone.Extensions.dll
Registered in 0.002657 seconds.
Native extension for WindowsStandalone target not found
Native extension for WebGL target not found
Refreshing native plugins compatible for Editor in 60.50 ms, found 4 plugins.
Preloading 0 native plugins for Editor in 0.00 ms.
Mono: successfully reloaded assembly
- Completed reload, in  0.380 seconds
Domain Reload Profiling:
	ReloadAssembly (380ms)
		BeginReloadAssembly (40ms)
			ExecutionOrderSort (0ms)
			DisableScriptedObjects (0ms)
			BackupInstance (0ms)
			ReleaseScriptingObjects (0ms)
			CreateAndSetChildDomain (1ms)
		EndReloadAssembly (280ms)
			LoadAssemblies (38ms)
			RebuildTransferFunctionScriptingTraits (0ms)
			SetupTypeCache (59ms)
			ReleaseScriptCaches (0ms)
			RebuildScriptCaches (15ms)
			SetupLoadedEditorAssemblies (176ms)
				LogAssemblyErrors (0ms)
				InitializePlatformSupportModulesInManaged (5ms)
				SetLoadedEditorAssemblies (0ms)
				RefreshPlugins (61ms)
				BeforeProcessingInitializeOnLoad (1ms)
				ProcessInitializeOnLoadAttributes (81ms)
				ProcessInitializeOnLoadMethodAttributes (29ms)
				AfterProcessingInitializeOnLoad (0ms)
				EditorAssembliesLoaded (0ms)
			ExecutionOrderSort2 (0ms)
			AwakeInstancesAfterBackupRestoration (0ms)
Platform modules already initialized, skipping
Registering precompiled user dll's ...
Registered in 0.004077 seconds.
Begin MonoManager ReloadAssembly
Symbol file LoadedFromMemory doesn't match image C:\Users\hello\whack-a-horse-udemy\Library\PackageCache\com.unity.visualscripting@1.7.8\Editor\VisualScripting.Core\Dependencies\YamlDotNet\Unity.VisualScripting.YamlDotNet.dll
Symbol file LoadedFromMemory doesn't match image C:\Users\hello\whack-a-horse-udemy\Library\PackageCache\com.unity.visualscripting@1.7.8\Editor\VisualScripting.Core\Dependencies\DotNetZip\Unity.VisualScripting.IonicZip.dll
Native extension for WindowsStandalone target not found
Native extension for WebGL target not found
Refreshing native plugins compatible for Editor in 61.75 ms, found 4 plugins.
Preloading 0 native plugins for Editor in 0.00 ms.
Mono: successfully reloaded assembly
- Completed reload, in  0.732 seconds
Domain Reload Profiling:
	ReloadAssembly (733ms)
		BeginReloadAssembly (68ms)
			ExecutionOrderSort (0ms)
			DisableScriptedObjects (3ms)
			BackupInstance (0ms)
			ReleaseScriptingObjects (0ms)
			CreateAndSetChildDomain (14ms)
		EndReloadAssembly (595ms)
			LoadAssemblies (56ms)
			RebuildTransferFunctionScriptingTraits (0ms)
			SetupTypeCache (163ms)
			ReleaseScriptCaches (0ms)
			RebuildScriptCaches (34ms)
			SetupLoadedEditorAssemblies (311ms)
				LogAssemblyErrors (0ms)
				InitializePlatformSupportModulesInManaged (3ms)
				SetLoadedEditorAssemblies (0ms)
				RefreshPlugins (62ms)
				BeforeProcessingInitializeOnLoad (63ms)
				ProcessInitializeOnLoadAttributes (151ms)
				ProcessInitializeOnLoadMethodAttributes (28ms)
				AfterProcessingInitializeOnLoad (4ms)
				EditorAssembliesLoaded (0ms)
			ExecutionOrderSort2 (0ms)
			AwakeInstancesAfterBackupRestoration (4ms)
Platform modules already initialized, skipping
========================================================================
Worker process is ready to serve import requests
Launched and connected shader compiler UnityShaderCompiler.exe after 0.02 seconds
Refreshing native plugins compatible for Editor in 0.59 ms, found 4 plugins.
Preloading 0 native plugins for Editor in 0.00 ms.
Unloading 4220 Unused Serialized files (Serialized files now loaded: 0)
Unloading 39 unused Assets / (56.0 KB). Loaded Objects now: 4683.
Memory consumption went from 160.0 MB to 159.9 MB.
Total: 2.375100 ms (FindLiveObjects: 0.229500 ms CreateObjectMapping: 0.120000 ms MarkObjects: 1.964300 ms  DeleteObjects: 0.060500 ms)

AssetImportParameters requested are different than current active one (requested -> active):
  custom:video-decoder-ogg-theora: a1e56fd34408186e4bbccfd4996cb3dc -> 
  custom:container-muxer-webm: aa71ff27fc2769a1b78a27578f13a17b -> 
  custom:container-demuxer-webm: 4f35f7cbe854078d1ac9338744f61a02 -> 
  custom:video-encoder-webm-vp8: eb34c28f22e8b96e1ab97ce403110664 -> 
  custom:video-codec-MediaFoundation-h265: 746d11721c4dcdbdad8f713fa42b33f4 -> 
  custom:audio-encoder-webm-vorbis: bf7c407c2cedff20999df2af8eb42d56 -> 
  custom:framework-win-MediaFoundation: 216162199b28c13a410421893ffa2e32 -> 
  custom:container-demuxer-ogg: 62fdf1f143b41e24485cea50d1cbac27 -> 
  custom:video-decoder-webm-vp8: 9c59270c3fd7afecdb556c50c9e8de78 -> 
  custom:audio-decoder-ogg-vorbis: bf7c407c2cedff20999df2af8eb42d56 -> 
========================================================================
Received Import Request.
  Time since last request: 402522.936059 seconds.
  path: Assets/PolygonWestern/Demo
  artifactKey: Guid(6d588edb89207de4e94518cb68ae53b1) Importer(815301076,1909f56bfc062723c751e8b465ee728b)
Start importing Assets/PolygonWestern/Demo using Guid(6d588edb89207de4e94518cb68ae53b1) Importer(815301076,1909f56bfc062723c751e8b465ee728b)  -> (artifact id: '9bd344ce3d48cfb2ade40eaa5b8eefd3') in 0.008118 seconds 
========================================================================
Received Import Request.
  Time since last request: 870.867984 seconds.
  path: Assets/Scenes/MainMenu.unity
  artifactKey: Guid(c600a94b327f0a24bad97184a7848a2a) Importer(815301076,1909f56bfc062723c751e8b465ee728b)
Start importing Assets/Scenes/MainMenu.unity using Guid(c600a94b327f0a24bad97184a7848a2a) Importer(815301076,1909f56bfc062723c751e8b465ee728b)  -> (artifact id: 'e739acbfaad5e4d61de85914cce25458') in 0.007674 seconds 
========================================================================
Received Import Request.
  Time since last request: 90.704426 seconds.
  path: Assets/PolygonWestern/Demo/Demo.unity
  artifactKey: Guid(b02577a54950ef949a2fcd9d37a1d40c) Importer(815301076,1909f56bfc062723c751e8b465ee728b)
Start importing Assets/PolygonWestern/Demo/Demo.unity using Guid(b02577a54950ef949a2fcd9d37a1d40c) Importer(815301076,1909f56bfc062723c751e8b465ee728b)  -> (artifact id: 'a70fdbab11d4c2b057ddb2f2d51d4f15') in 0.009931 seconds 
========================================================================
Received Import Request.
  Time since last request: 12445.832716 seconds.
  path: Assets/TextMesh Pro/Fonts/Saddlebag SDF.asset
  artifactKey: Guid(b87efe5f4cc9df94d8da5e9d20a12a86) Importer(815301076,1909f56bfc062723c751e8b465ee728b)
Start importing Assets/TextMesh Pro/Fonts/Saddlebag SDF.asset using Guid(b87efe5f4cc9df94d8da5e9d20a12a86) Importer(815301076,1909f56bfc062723c751e8b465ee728b)  -> (artifact id: '2c498897d10b9c46214070cd29f375b8') in 0.135655 seconds 
========================================================================
Received Import Request.
  Time since last request: 171.598485 seconds.
  path: Assets/TextMesh Pro/Fonts/LiberationSans.ttf
  artifactKey: Guid(e3265ab4bf004d28a9537516768c1c75) Importer(815301076,1909f56bfc062723c751e8b465ee728b)
Start importing Assets/TextMesh Pro/Fonts/LiberationSans.ttf using Guid(e3265ab4bf004d28a9537516768c1c75) Importer(815301076,1909f56bfc062723c751e8b465ee728b)  -> (artifact id: '3aa38c98bfb4b46681050c9a3dc801be') in 0.029032 seconds 
========================================================================
Received Import Request.
  Time since last request: 6.387933 seconds.
  path: Assets/TextMesh Pro/Resources/Fonts & Materials/Alphakind.otf
  artifactKey: Guid(be77ca10e2ca75040b86804307f339ac) Importer(815301076,1909f56bfc062723c751e8b465ee728b)
Start importing Assets/TextMesh Pro/Resources/Fonts & Materials/Alphakind.otf using Guid(be77ca10e2ca75040b86804307f339ac) Importer(815301076,1909f56bfc062723c751e8b465ee728b)  -> (artifact id: '3cacc1eae6658595ac88923a95e7f95d') in 0.017670 seconds 
========================================================================
Received Import Request.
  Time since last request: 7.899552 seconds.
  path: Assets/Resources/UI Elements/3.png
  artifactKey: Guid(e84fa6577344a824ab08f8051f3be9a0) Importer(815301076,1909f56bfc062723c751e8b465ee728b)
Start importing Assets/Resources/UI Elements/3.png using Guid(e84fa6577344a824ab08f8051f3be9a0) Importer(815301076,1909f56bfc062723c751e8b465ee728b)  -> (artifact id: 'a25fa6e73321761aae9472bf2d5bd82b') in 0.054854 seconds 
========================================================================
Received Import Request.
  Time since last request: 0.026848 seconds.
  path: Assets/Resources/UI Elements/ghost-rodeo.png
  artifactKey: Guid(9884770007eda8346a3c3b9ea7f3368a) Importer(815301076,1909f56bfc062723c751e8b465ee728b)
Start importing Assets/Resources/UI Elements/ghost-rodeo.png using Guid(9884770007eda8346a3c3b9ea7f3368a) Importer(815301076,1909f56bfc062723c751e8b465ee728b)  -> (artifact id: '508818616ba24a581641920e4767222c') in 0.038174 seconds 
========================================================================
Received Import Request.
  Time since last request: 0.000027 seconds.
  path: Assets/Resources/UI Elements/go.png
  artifactKey: Guid(ed0529c5954e5184284d315a6446a2e8) Importer(815301076,1909f56bfc062723c751e8b465ee728b)
Start importing Assets/Resources/UI Elements/go.png using Guid(ed0529c5954e5184284d315a6446a2e8) Importer(815301076,1909f56bfc062723c751e8b465ee728b)  -> (artifact id: '2b4620c97deadf369794a8be8cbf533c') in 0.027851 seconds 
========================================================================
Received Import Request.
  Time since last request: 0.000029 seconds.
  path: Assets/Resources/UI Elements/handdrawn-line.png
  artifactKey: Guid(c52e7a3409bb55541b8364975de0123f) Importer(815301076,1909f56bfc062723c751e8b465ee728b)
Start importing Assets/Resources/UI Elements/handdrawn-line.png using Guid(c52e7a3409bb55541b8364975de0123f) Importer(815301076,1909f56bfc062723c751e8b465ee728b)  -> (artifact id: 'bad3b7d69d82b7df15a51bd032e142e5') in 0.093212 seconds 
========================================================================
Received Import Request.
  Time since last request: 0.000026 seconds.
  path: Assets/Resources/UI Elements/wooden-score.png
  artifactKey: Guid(cf5497d3d0dc4eb46ae5f9099ac8b478) Importer(815301076,1909f56bfc062723c751e8b465ee728b)
Start importing Assets/Resources/UI Elements/wooden-score.png using Guid(cf5497d3d0dc4eb46ae5f9099ac8b478) Importer(815301076,1909f56bfc062723c751e8b465ee728b)  -> (artifact id: 'fe7b3a3033e1fbdb8b05ce445f717343') in 0.100788 seconds 
========================================================================
Received Import Request.
  Time since last request: 0.000015 seconds.
  path: Assets/Resources/UI Elements/wooden-button.png
  artifactKey: Guid(314a0100e7e78804b98dc66d8df0dba8) Importer(815301076,1909f56bfc062723c751e8b465ee728b)
Start importing Assets/Resources/UI Elements/wooden-button.png using Guid(314a0100e7e78804b98dc66d8df0dba8) Importer(815301076,1909f56bfc062723c751e8b465ee728b)  -> (artifact id: '2fe7606fbb6934677df8e98acdc9b329') in 0.017776 seconds 
========================================================================
Received Import Request.
  Time since last request: 2.348614 seconds.
  path: Assets/Resources/Characters/horse-spirit.blend
  artifactKey: Guid(e2d63fd3d36f6f54cb42733359407388) Importer(815301076,1909f56bfc062723c751e8b465ee728b)
Start importing Assets/Resources/Characters/horse-spirit.blend using Guid(e2d63fd3d36f6f54cb42733359407388) Importer(815301076,1909f56bfc062723c751e8b465ee728b)  -> (artifact id: '5399c43936e8119c02e466741138f798') in 0.185040 seconds 
========================================================================
Received Import Request.
  Time since last request: 0.000024 seconds.
  path: Assets/Resources/Characters/Light-Red.png
  artifactKey: Guid(29129b6dccaa1ad45b383e937bbf1b8c) Importer(815301076,1909f56bfc062723c751e8b465ee728b)
Start importing Assets/Resources/Characters/Light-Red.png using Guid(29129b6dccaa1ad45b383e937bbf1b8c) Importer(815301076,1909f56bfc062723c751e8b465ee728b)  -> (artifact id: 'bdc2b4b28a1877ccaf861ea21fac300a') in 0.013953 seconds 
========================================================================
Received Import Request.
  Time since last request: 0.000044 seconds.
  path: Assets/Resources/Characters/Spirit.png
  artifactKey: Guid(0f775172c0e6cfb40af0bfca7cd238ed) Importer(815301076,1909f56bfc062723c751e8b465ee728b)
Start importing Assets/Resources/Characters/Spirit.png using Guid(0f775172c0e6cfb40af0bfca7cd238ed) Importer(815301076,1909f56bfc062723c751e8b465ee728b)  -> (artifact id: '354bca94a19dd286241293f5d4d47ae1') in 0.009318 seconds 
========================================================================
Received Import Request.
  Time since last request: 1.593922 seconds.
  path: Assets/Resources/Audio/mallet-positive-2.mp3
  artifactKey: Guid(d2c15bf04025b224694bb9d1bd8c82d8) Importer(815301076,1909f56bfc062723c751e8b465ee728b)
Start importing Assets/Resources/Audio/mallet-positive-2.mp3 using Guid(d2c15bf04025b224694bb9d1bd8c82d8) Importer(815301076,1909f56bfc062723c751e8b465ee728b)  -> (artifact id: 'a35340bf53bfdd1524cb1dbc765069d4') in 0.043818 seconds 
========================================================================
Received Import Request.
  Time since last request: 0.000023 seconds.
  path: Assets/Resources/Audio/unicorn-sound.mp3
  artifactKey: Guid(5b3f42dddb120dd4abe28f92706de240) Importer(815301076,1909f56bfc062723c751e8b465ee728b)
Start importing Assets/Resources/Audio/unicorn-sound.mp3 using Guid(5b3f42dddb120dd4abe28f92706de240) Importer(815301076,1909f56bfc062723c751e8b465ee728b)  -> (artifact id: 'fbd25d2c23bd9e0e4081ee1e490c518f') in 0.010648 seconds 
========================================================================
Received Import Request.
  Time since last request: 3.493690 seconds.
  path: Assets/PolygonWestern/Models/CollisionConvex/SM_Prop_Saddle_01_Convex 1.asset
  artifactKey: Guid(8bd163da5aa852342ae78ad1ffc49c38) Importer(815301076,1909f56bfc062723c751e8b465ee728b)
Start importing Assets/PolygonWestern/Models/CollisionConvex/SM_Prop_Saddle_01_Convex 1.asset using Guid(8bd163da5aa852342ae78ad1ffc49c38) Importer(815301076,1909f56bfc062723c751e8b465ee728b)  -> (artifact id: '23004f11e18683bb450c5a2068b820cf') in 0.015679 seconds 
========================================================================
Received Import Request.
  Time since last request: 43.537508 seconds.
  path: Assets/Materials/handdrawn-line.mat
  artifactKey: Guid(2a79d03a8226926479328d992dbb4e03) Importer(815301076,1909f56bfc062723c751e8b465ee728b)
Start importing Assets/Materials/handdrawn-line.mat using Guid(2a79d03a8226926479328d992dbb4e03) Importer(815301076,1909f56bfc062723c751e8b465ee728b)  -> (artifact id: 'c428d6d41bc018b55303a553267f59e9') in 0.045367 seconds 
========================================================================
Received Import Request.
  Time since last request: 0.000018 seconds.
  path: Assets/Materials/unicorn.mat
  artifactKey: Guid(4859197e6fec92b439d9b067ef62fc61) Importer(815301076,1909f56bfc062723c751e8b465ee728b)
Start importing Assets/Materials/unicorn.mat using Guid(4859197e6fec92b439d9b067ef62fc61) Importer(815301076,1909f56bfc062723c751e8b465ee728b)  -> (artifact id: '200f98e04e98c2db2db05667a95f0b92') in 0.026766 seconds 
Editor requested this worker to shutdown with reason: Scaling down because of idle timeout
AssetImportWorker is now disconnected from the server
Process exiting
Exiting without the bug reporter. Application will terminate with return code 0