Using pre-set license
Built from '2021.3/release' branch; Version is '2021.3.12f1 (8af3c3e441b1) revision 9106371'; Using compiler version '192829333'; Build Type 'Release'
OS: 'Windows 11  (10.0.22621) 64bit Core' Language: 'en' Physical Memory: 32627 MB
BatchMode: 1, IsHumanControllingUs: 0, StartBugReporterOnCrash: 0, Is64bit: 1, IsPro: 1

COMMAND LINE ARGUMENTS:
C:\Program Files\Unity\Hub\Editor\2021.3.12f1\Editor\Unity.exe
-adb2
-batchMode
-noUpm
-name
AssetImportWorker1
-projectPath
C:/Users/hello/whack-a-horse-udemy
-logFile
Logs/AssetImportWorker1.log
-srvPort
54904
Successfully changed project path to: C:/Users/hello/whack-a-horse-udemy
C:/Users/hello/whack-a-horse-udemy
[UnityMemory] Configuration Parameters - Can be set up in boot.config
    "memorysetup-bucket-allocator-granularity=16"
    "memorysetup-bucket-allocator-bucket-count=8"
    "memorysetup-bucket-allocator-block-size=33554432"
    "memorysetup-bucket-allocator-block-count=8"
    "memorysetup-main-allocator-block-size=16777216"
    "memorysetup-thread-allocator-block-size=16777216"
    "memorysetup-gfx-main-allocator-block-size=16777216"
    "memorysetup-gfx-thread-allocator-block-size=16777216"
    "memorysetup-cache-allocator-block-size=4194304"
    "memorysetup-typetree-allocator-block-size=2097152"
    "memorysetup-profiler-bucket-allocator-granularity=16"
    "memorysetup-profiler-bucket-allocator-bucket-count=8"
    "memorysetup-profiler-bucket-allocator-block-size=33554432"
    "memorysetup-profiler-bucket-allocator-block-count=8"
    "memorysetup-profiler-allocator-block-size=16777216"
    "memorysetup-profiler-editor-allocator-block-size=1048576"
    "memorysetup-temp-allocator-size-main=16777216"
    "memorysetup-job-temp-allocator-block-size=2097152"
    "memorysetup-job-temp-allocator-block-size-background=1048576"
    "memorysetup-job-temp-allocator-reduction-small-platforms=262144"
    "memorysetup-temp-allocator-size-background-worker=32768"
    "memorysetup-temp-allocator-size-job-worker=262144"
    "memorysetup-temp-allocator-size-preload-manager=33554432"
    "memorysetup-temp-allocator-size-nav-mesh-worker=65536"
    "memorysetup-temp-allocator-size-audio-worker=65536"
    "memorysetup-temp-allocator-size-cloud-worker=32768"
    "memorysetup-temp-allocator-size-gi-baking-worker=262144"
    "memorysetup-temp-allocator-size-gfx=262144"
Refreshing native plugins compatible for Editor in 73.04 ms, found 4 plugins.
Preloading 0 native plugins for Editor in 0.00 ms.
Initialize engine version: 2021.3.12f1 (8af3c3e441b1)
[Subsystems] Discovering subsystems at path C:/Program Files/Unity/Hub/Editor/2021.3.12f1/Editor/Data/Resources/UnitySubsystems
[Subsystems] Discovering subsystems at path C:/Users/hello/whack-a-horse-udemy/Assets
GfxDevice: creating device client; threaded=0; jobified=0
Direct3D:
    Version:  Direct3D 11.0 [level 11.1]
    Renderer: NVIDIA GeForce RTX 3090 (ID=0x2204)
    Vendor:   NVIDIA
    VRAM:     24340 MB
    Driver:   31.0.15.2698
Initialize mono
Mono path[0] = 'C:/Program Files/Unity/Hub/Editor/2021.3.12f1/Editor/Data/Managed'
Mono path[1] = 'C:/Program Files/Unity/Hub/Editor/2021.3.12f1/Editor/Data/MonoBleedingEdge/lib/mono/unityjit-win32'
Mono config path = 'C:/Program Files/Unity/Hub/Editor/2021.3.12f1/Editor/Data/MonoBleedingEdge/etc'
Using monoOptions --debugger-agent=transport=dt_socket,embedding=1,server=y,suspend=n,address=127.0.0.1:56860
Begin MonoManager ReloadAssembly
Registering precompiled unity dll's ...
Register platform support module: C:/Program Files/Unity/Hub/Editor/2021.3.12f1/Editor/Data/PlaybackEngines/WebGLSupport/UnityEditor.WebGL.Extensions.dll
Register platform support module: C:/Program Files/Unity/Hub/Editor/2021.3.12f1/Editor/Data/PlaybackEngines/WindowsStandaloneSupport/UnityEditor.WindowsStandalone.Extensions.dll
Registered in 0.002689 seconds.
Native extension for WindowsStandalone target not found
Native extension for WebGL target not found
Refreshing native plugins compatible for Editor in 61.84 ms, found 4 plugins.
Preloading 0 native plugins for Editor in 0.00 ms.
Mono: successfully reloaded assembly
- Completed reload, in  0.384 seconds
Domain Reload Profiling:
	ReloadAssembly (385ms)
		BeginReloadAssembly (42ms)
			ExecutionOrderSort (0ms)
			DisableScriptedObjects (0ms)
			BackupInstance (0ms)
			ReleaseScriptingObjects (0ms)
			CreateAndSetChildDomain (0ms)
		EndReloadAssembly (281ms)
			LoadAssemblies (41ms)
			RebuildTransferFunctionScriptingTraits (0ms)
			SetupTypeCache (60ms)
			ReleaseScriptCaches (0ms)
			RebuildScriptCaches (15ms)
			SetupLoadedEditorAssemblies (177ms)
				LogAssemblyErrors (0ms)
				InitializePlatformSupportModulesInManaged (6ms)
				SetLoadedEditorAssemblies (0ms)
				RefreshPlugins (62ms)
				BeforeProcessingInitializeOnLoad (1ms)
				ProcessInitializeOnLoadAttributes (80ms)
				ProcessInitializeOnLoadMethodAttributes (28ms)
				AfterProcessingInitializeOnLoad (0ms)
				EditorAssembliesLoaded (0ms)
			ExecutionOrderSort2 (0ms)
			AwakeInstancesAfterBackupRestoration (0ms)
Platform modules already initialized, skipping
Registering precompiled user dll's ...
Registered in 0.004208 seconds.
Begin MonoManager ReloadAssembly
Symbol file LoadedFromMemory doesn't match image C:\Users\hello\whack-a-horse-udemy\Library\PackageCache\com.unity.visualscripting@1.7.8\Editor\VisualScripting.Core\Dependencies\YamlDotNet\Unity.VisualScripting.YamlDotNet.dll
Symbol file LoadedFromMemory doesn't match image C:\Users\hello\whack-a-horse-udemy\Library\PackageCache\com.unity.visualscripting@1.7.8\Editor\VisualScripting.Core\Dependencies\DotNetZip\Unity.VisualScripting.IonicZip.dll
Native extension for WindowsStandalone target not found
Native extension for WebGL target not found
Refreshing native plugins compatible for Editor in 61.81 ms, found 4 plugins.
Preloading 0 native plugins for Editor in 0.00 ms.
Mono: successfully reloaded assembly
- Completed reload, in  0.733 seconds
Domain Reload Profiling:
	ReloadAssembly (733ms)
		BeginReloadAssembly (69ms)
			ExecutionOrderSort (0ms)
			DisableScriptedObjects (3ms)
			BackupInstance (0ms)
			ReleaseScriptingObjects (0ms)
			CreateAndSetChildDomain (14ms)
		EndReloadAssembly (595ms)
			LoadAssemblies (56ms)
			RebuildTransferFunctionScriptingTraits (0ms)
			SetupTypeCache (163ms)
			ReleaseScriptCaches (0ms)
			RebuildScriptCaches (34ms)
			SetupLoadedEditorAssemblies (312ms)
				LogAssemblyErrors (0ms)
				InitializePlatformSupportModulesInManaged (3ms)
				SetLoadedEditorAssemblies (0ms)
				RefreshPlugins (62ms)
				BeforeProcessingInitializeOnLoad (64ms)
				ProcessInitializeOnLoadAttributes (151ms)
				ProcessInitializeOnLoadMethodAttributes (28ms)
				AfterProcessingInitializeOnLoad (4ms)
				EditorAssembliesLoaded (0ms)
			ExecutionOrderSort2 (0ms)
			AwakeInstancesAfterBackupRestoration (4ms)
Platform modules already initialized, skipping
========================================================================
Worker process is ready to serve import requests
Launched and connected shader compiler UnityShaderCompiler.exe after 0.03 seconds
Refreshing native plugins compatible for Editor in 0.68 ms, found 4 plugins.
Preloading 0 native plugins for Editor in 0.00 ms.
Unloading 4220 Unused Serialized files (Serialized files now loaded: 0)
Unloading 39 unused Assets / (56.0 KB). Loaded Objects now: 4683.
Memory consumption went from 160.0 MB to 159.9 MB.
Total: 2.344900 ms (FindLiveObjects: 0.225500 ms CreateObjectMapping: 0.114900 ms MarkObjects: 1.952500 ms  DeleteObjects: 0.051100 ms)

AssetImportParameters requested are different than current active one (requested -> active):
  custom:video-decoder-ogg-theora: a1e56fd34408186e4bbccfd4996cb3dc -> 
  custom:container-muxer-webm: aa71ff27fc2769a1b78a27578f13a17b -> 
  custom:container-demuxer-webm: 4f35f7cbe854078d1ac9338744f61a02 -> 
  custom:video-encoder-webm-vp8: eb34c28f22e8b96e1ab97ce403110664 -> 
  custom:video-codec-MediaFoundation-h265: 746d11721c4dcdbdad8f713fa42b33f4 -> 
  custom:audio-encoder-webm-vorbis: bf7c407c2cedff20999df2af8eb42d56 -> 
  custom:framework-win-MediaFoundation: 216162199b28c13a410421893ffa2e32 -> 
  custom:container-demuxer-ogg: 62fdf1f143b41e24485cea50d1cbac27 -> 
  custom:video-decoder-webm-vp8: 9c59270c3fd7afecdb556c50c9e8de78 -> 
  custom:audio-decoder-ogg-vorbis: bf7c407c2cedff20999df2af8eb42d56 -> 
========================================================================
Received Import Request.
  Time since last request: 416102.125418 seconds.
  path: Assets/TextMesh Pro/Fonts/Saddlebag.ttf
  artifactKey: Guid(25006681b583df041aed57604f4c6c79) Importer(815301076,1909f56bfc062723c751e8b465ee728b)
Start importing Assets/TextMesh Pro/Fonts/Saddlebag.ttf using Guid(25006681b583df041aed57604f4c6c79) Importer(815301076,1909f56bfc062723c751e8b465ee728b)  -> (artifact id: '5040cc8b4077f3f144bc0001e01f017e') in 0.106650 seconds 
========================================================================
Received Import Request.
  Time since last request: 6.300949 seconds.
  path: Assets/TextMesh Pro/Resources/Fonts & Materials/Alphakind.ttf
  artifactKey: Guid(f2e619471734d37479fa40b3313fa3f8) Importer(815301076,1909f56bfc062723c751e8b465ee728b)
Start importing Assets/TextMesh Pro/Resources/Fonts & Materials/Alphakind.ttf using Guid(f2e619471734d37479fa40b3313fa3f8) Importer(815301076,1909f56bfc062723c751e8b465ee728b)  -> (artifact id: 'b4b79c07b63e368a676250c616930c70') in 0.015172 seconds 
========================================================================
Received Import Request.
  Time since last request: 0.000021 seconds.
  path: Assets/TextMesh Pro/Resources/Fonts & Materials/LiberationSans SDF - Fallback.asset
  artifactKey: Guid(2e498d1c8094910479dc3e1b768306a4) Importer(815301076,1909f56bfc062723c751e8b465ee728b)
Start importing Assets/TextMesh Pro/Resources/Fonts & Materials/LiberationSans SDF - Fallback.asset using Guid(2e498d1c8094910479dc3e1b768306a4) Importer(815301076,1909f56bfc062723c751e8b465ee728b)  -> (artifact id: '8c687672940881d5d04e532f5de3168a') in 0.064016 seconds 
========================================================================
Received Import Request.
  Time since last request: 7.834881 seconds.
  path: Assets/Resources/UI Elements/game-over-logo.png
  artifactKey: Guid(4bf4b699e91763d4b9208ec8dbb61140) Importer(815301076,1909f56bfc062723c751e8b465ee728b)
Start importing Assets/Resources/UI Elements/game-over-logo.png using Guid(4bf4b699e91763d4b9208ec8dbb61140) Importer(815301076,1909f56bfc062723c751e8b465ee728b)  -> (artifact id: '66e1fb9dd29eb9f5319c051d5c4cab6e') in 0.052728 seconds 
========================================================================
Received Import Request.
  Time since last request: 0.028548 seconds.
  path: Assets/Resources/UI Elements/wood-poster.png
  artifactKey: Guid(bb99e8a327ec46349aed4171422a00e8) Importer(815301076,1909f56bfc062723c751e8b465ee728b)
Start importing Assets/Resources/UI Elements/wood-poster.png using Guid(bb99e8a327ec46349aed4171422a00e8) Importer(815301076,1909f56bfc062723c751e8b465ee728b)  -> (artifact id: '09f3763ebf5b6a94fb30e1473a523218') in 0.077078 seconds 
========================================================================
Received Import Request.
  Time since last request: 0.000025 seconds.
  path: Assets/Resources/UI Elements/handdrawn-star.png
  artifactKey: Guid(566ddeca1c09d6d4cbb697b0b8d01f4e) Importer(815301076,1909f56bfc062723c751e8b465ee728b)
Start importing Assets/Resources/UI Elements/handdrawn-star.png using Guid(566ddeca1c09d6d4cbb697b0b8d01f4e) Importer(815301076,1909f56bfc062723c751e8b465ee728b)  -> (artifact id: 'c528489a5eff49d937806eb9b2a35c3b') in 0.018854 seconds 
========================================================================
Received Import Request.
  Time since last request: 0.000032 seconds.
  path: Assets/Resources/UI Elements/silver-star.png
  artifactKey: Guid(d94183022d4f5a54e886f6f1de938eb5) Importer(815301076,1909f56bfc062723c751e8b465ee728b)
Start importing Assets/Resources/UI Elements/silver-star.png using Guid(d94183022d4f5a54e886f6f1de938eb5) Importer(815301076,1909f56bfc062723c751e8b465ee728b)  -> (artifact id: '44e7a864ab90f2fcf899d9d46e07aae4') in 0.016455 seconds 
========================================================================
Received Import Request.
  Time since last request: 0.000019 seconds.
  path: Assets/Resources/UI Elements/star.png
  artifactKey: Guid(22d1e7ca606c0ad4c9c93660fcd1c769) Importer(815301076,1909f56bfc062723c751e8b465ee728b)
Start importing Assets/Resources/UI Elements/star.png using Guid(22d1e7ca606c0ad4c9c93660fcd1c769) Importer(815301076,1909f56bfc062723c751e8b465ee728b)  -> (artifact id: 'b3c27dbd88ee9829a96edd2f27521ad8') in 0.021078 seconds 
========================================================================
Received Import Request.
  Time since last request: 0.000018 seconds.
  path: Assets/Resources/UI Elements/wood-poster@2x.png
  artifactKey: Guid(76afcc28efa985b4cbd014984eec959e) Importer(815301076,1909f56bfc062723c751e8b465ee728b)
Start importing Assets/Resources/UI Elements/wood-poster@2x.png using Guid(76afcc28efa985b4cbd014984eec959e) Importer(815301076,1909f56bfc062723c751e8b465ee728b)  -> (artifact id: '29342e4d4e17ad09d00e0171c9a2685c') in 0.158356 seconds 
========================================================================
Received Import Request.
  Time since last request: 2.334563 seconds.
  path: Assets/Resources/Characters/horse.blend
  artifactKey: Guid(80fc7ba36748df240ad6bacc3ab8840a) Importer(815301076,1909f56bfc062723c751e8b465ee728b)
Start importing Assets/Resources/Characters/horse.blend using Guid(80fc7ba36748df240ad6bacc3ab8840a) Importer(815301076,1909f56bfc062723c751e8b465ee728b)  -> (artifact id: 'd62d28a0df897da5b81d929737a7ddb8') in 0.186426 seconds 
========================================================================
Received Import Request.
  Time since last request: 0.000028 seconds.
  path: Assets/Resources/Characters/spirit-mat.mat
  artifactKey: Guid(3409f936e692f2d4591992a29c778dfe) Importer(815301076,1909f56bfc062723c751e8b465ee728b)
Start importing Assets/Resources/Characters/spirit-mat.mat using Guid(3409f936e692f2d4591992a29c778dfe) Importer(815301076,1909f56bfc062723c751e8b465ee728b)  -> (artifact id: 'd504a2a4426227407609bf15ac13b43b') in 0.020802 seconds 
========================================================================
Received Import Request.
  Time since last request: 1.598275 seconds.
  path: Assets/Resources/Audio/mallet-positive-3.mp3
  artifactKey: Guid(fa7ef91e6c5bdd44b93f95aeac3c20fd) Importer(815301076,1909f56bfc062723c751e8b465ee728b)
Start importing Assets/Resources/Audio/mallet-positive-3.mp3 using Guid(fa7ef91e6c5bdd44b93f95aeac3c20fd) Importer(815301076,1909f56bfc062723c751e8b465ee728b)  -> (artifact id: '7d0fe6f455d7c4c3b7399696820d7fa9') in 0.050551 seconds 
========================================================================
Received Import Request.
  Time since last request: 0.000023 seconds.
  path: Assets/Resources/Audio/Western.mp3
  artifactKey: Guid(21ee636691020c3409204710e3583102) Importer(815301076,1909f56bfc062723c751e8b465ee728b)
Start importing Assets/Resources/Audio/Western.mp3 using Guid(21ee636691020c3409204710e3583102) Importer(815301076,1909f56bfc062723c751e8b465ee728b)  -> (artifact id: 'ef18f880e4834b8562002a9cd132e1c1') in 0.013901 seconds 
========================================================================
Received Import Request.
  Time since last request: 47.042495 seconds.
  path: Assets/Materials/handdrawn-star.mat
  artifactKey: Guid(11698f82a59aa4f40a679dbd8fa961f3) Importer(815301076,1909f56bfc062723c751e8b465ee728b)
Start importing Assets/Materials/handdrawn-star.mat using Guid(11698f82a59aa4f40a679dbd8fa961f3) Importer(815301076,1909f56bfc062723c751e8b465ee728b)  -> (artifact id: '5037a0ddeab601522620ba508023d039') in 0.018565 seconds 
========================================================================
Received Import Request.
  Time since last request: 0.000020 seconds.
  path: Assets/Materials/stars.mat
  artifactKey: Guid(6510a9ea9f1ba394d874c5a2112c07d0) Importer(815301076,1909f56bfc062723c751e8b465ee728b)
Start importing Assets/Materials/stars.mat using Guid(6510a9ea9f1ba394d874c5a2112c07d0) Importer(815301076,1909f56bfc062723c751e8b465ee728b)  -> (artifact id: 'd2bc873852a0514ee1f8d4fb4c21933e') in 0.030545 seconds 
Editor requested this worker to shutdown with reason: Scaling down because of idle timeout
AssetImportWorker is now disconnected from the server
Process exiting
Exiting without the bug reporter. Application will terminate with return code 0