Using pre-set license
Built from '2021.3/release' branch; Version is '2021.3.12f1 (8af3c3e441b1) revision 9106371'; Using compiler version '192829333'; Build Type 'Release'
OS: 'Windows 11  (10.0.22621) 64bit Core' Language: 'en' Physical Memory: 32627 MB
BatchMode: 1, IsHumanControllingUs: 0, StartBugReporterOnCrash: 0, Is64bit: 1, IsPro: 1

COMMAND LINE ARGUMENTS:
C:\Program Files\Unity\Hub\Editor\2021.3.12f1\Editor\Unity.exe
-adb2
-batchMode
-noUpm
-name
AssetImportWorker23
-projectPath
C:/Users/hello/whack-a-horse-udemy
-logFile
Logs/AssetImportWorker23.log
-srvPort
52053
Successfully changed project path to: C:/Users/hello/whack-a-horse-udemy
C:/Users/hello/whack-a-horse-udemy
[UnityMemory] Configuration Parameters - Can be set up in boot.config
    "memorysetup-bucket-allocator-granularity=16"
    "memorysetup-bucket-allocator-bucket-count=8"
    "memorysetup-bucket-allocator-block-size=33554432"
    "memorysetup-bucket-allocator-block-count=8"
    "memorysetup-main-allocator-block-size=16777216"
    "memorysetup-thread-allocator-block-size=16777216"
    "memorysetup-gfx-main-allocator-block-size=16777216"
    "memorysetup-gfx-thread-allocator-block-size=16777216"
    "memorysetup-cache-allocator-block-size=4194304"
    "memorysetup-typetree-allocator-block-size=2097152"
    "memorysetup-profiler-bucket-allocator-granularity=16"
    "memorysetup-profiler-bucket-allocator-bucket-count=8"
    "memorysetup-profiler-bucket-allocator-block-size=33554432"
    "memorysetup-profiler-bucket-allocator-block-count=8"
    "memorysetup-profiler-allocator-block-size=16777216"
    "memorysetup-profiler-editor-allocator-block-size=1048576"
    "memorysetup-temp-allocator-size-main=16777216"
    "memorysetup-job-temp-allocator-block-size=2097152"
    "memorysetup-job-temp-allocator-block-size-background=1048576"
    "memorysetup-job-temp-allocator-reduction-small-platforms=262144"
    "memorysetup-temp-allocator-size-background-worker=32768"
    "memorysetup-temp-allocator-size-job-worker=262144"
    "memorysetup-temp-allocator-size-preload-manager=33554432"
    "memorysetup-temp-allocator-size-nav-mesh-worker=65536"
    "memorysetup-temp-allocator-size-audio-worker=65536"
    "memorysetup-temp-allocator-size-cloud-worker=32768"
    "memorysetup-temp-allocator-size-gi-baking-worker=262144"
    "memorysetup-temp-allocator-size-gfx=262144"
Refreshing native plugins compatible for Editor in 70.67 ms, found 4 plugins.
Preloading 0 native plugins for Editor in 0.00 ms.
Initialize engine version: 2021.3.12f1 (8af3c3e441b1)
[Subsystems] Discovering subsystems at path C:/Program Files/Unity/Hub/Editor/2021.3.12f1/Editor/Data/Resources/UnitySubsystems
[Subsystems] Discovering subsystems at path C:/Users/hello/whack-a-horse-udemy/Assets
GfxDevice: creating device client; threaded=0; jobified=0
Direct3D:
    Version:  Direct3D 11.0 [level 11.1]
    Renderer: NVIDIA GeForce RTX 3090 (ID=0x2204)
    Vendor:   NVIDIA
    VRAM:     24340 MB
    Driver:   31.0.15.2647
Initialize mono
Mono path[0] = 'C:/Program Files/Unity/Hub/Editor/2021.3.12f1/Editor/Data/Managed'
Mono path[1] = 'C:/Program Files/Unity/Hub/Editor/2021.3.12f1/Editor/Data/MonoBleedingEdge/lib/mono/unityjit-win32'
Mono config path = 'C:/Program Files/Unity/Hub/Editor/2021.3.12f1/Editor/Data/MonoBleedingEdge/etc'
Using monoOptions --debugger-agent=transport=dt_socket,embedding=1,server=y,suspend=n,address=127.0.0.1:56668
Begin MonoManager ReloadAssembly
Registering precompiled unity dll's ...
Register platform support module: C:/Program Files/Unity/Hub/Editor/2021.3.12f1/Editor/Data/PlaybackEngines/WebGLSupport/UnityEditor.WebGL.Extensions.dll
Register platform support module: C:/Program Files/Unity/Hub/Editor/2021.3.12f1/Editor/Data/PlaybackEngines/WindowsStandaloneSupport/UnityEditor.WindowsStandalone.Extensions.dll
Registered in 0.002823 seconds.
Native extension for WindowsStandalone target not found
Native extension for WebGL target not found
Refreshing native plugins compatible for Editor in 59.11 ms, found 4 plugins.
Preloading 0 native plugins for Editor in 0.00 ms.
Mono: successfully reloaded assembly
- Completed reload, in  0.384 seconds
Domain Reload Profiling:
	ReloadAssembly (384ms)
		BeginReloadAssembly (42ms)
			ExecutionOrderSort (0ms)
			DisableScriptedObjects (0ms)
			BackupInstance (0ms)
			ReleaseScriptingObjects (0ms)
			CreateAndSetChildDomain (0ms)
		EndReloadAssembly (280ms)
			LoadAssemblies (41ms)
			RebuildTransferFunctionScriptingTraits (0ms)
			SetupTypeCache (61ms)
			ReleaseScriptCaches (0ms)
			RebuildScriptCaches (16ms)
			SetupLoadedEditorAssemblies (172ms)
				LogAssemblyErrors (0ms)
				InitializePlatformSupportModulesInManaged (5ms)
				SetLoadedEditorAssemblies (0ms)
				RefreshPlugins (59ms)
				BeforeProcessingInitializeOnLoad (1ms)
				ProcessInitializeOnLoadAttributes (81ms)
				ProcessInitializeOnLoadMethodAttributes (27ms)
				AfterProcessingInitializeOnLoad (0ms)
				EditorAssembliesLoaded (0ms)
			ExecutionOrderSort2 (0ms)
			AwakeInstancesAfterBackupRestoration (0ms)
Platform modules already initialized, skipping
Registering precompiled user dll's ...
Registered in 0.004230 seconds.
Begin MonoManager ReloadAssembly
Symbol file LoadedFromMemory doesn't match image C:\Users\hello\whack-a-horse-udemy\Library\PackageCache\com.unity.visualscripting@1.7.8\Editor\VisualScripting.Core\Dependencies\YamlDotNet\Unity.VisualScripting.YamlDotNet.dll
Symbol file LoadedFromMemory doesn't match image C:\Users\hello\whack-a-horse-udemy\Library\PackageCache\com.unity.visualscripting@1.7.8\Editor\VisualScripting.Core\Dependencies\DotNetZip\Unity.VisualScripting.IonicZip.dll
Native extension for WindowsStandalone target not found
Native extension for WebGL target not found
Refreshing native plugins compatible for Editor in 60.44 ms, found 4 plugins.
Preloading 0 native plugins for Editor in 0.00 ms.
Mono: successfully reloaded assembly
- Completed reload, in  0.740 seconds
Domain Reload Profiling:
	ReloadAssembly (740ms)
		BeginReloadAssembly (65ms)
			ExecutionOrderSort (0ms)
			DisableScriptedObjects (3ms)
			BackupInstance (0ms)
			ReleaseScriptingObjects (0ms)
			CreateAndSetChildDomain (14ms)
		EndReloadAssembly (608ms)
			LoadAssemblies (59ms)
			RebuildTransferFunctionScriptingTraits (0ms)
			SetupTypeCache (183ms)
			ReleaseScriptCaches (0ms)
			RebuildScriptCaches (33ms)
			SetupLoadedEditorAssemblies (303ms)
				LogAssemblyErrors (0ms)
				InitializePlatformSupportModulesInManaged (3ms)
				SetLoadedEditorAssemblies (0ms)
				RefreshPlugins (60ms)
				BeforeProcessingInitializeOnLoad (60ms)
				ProcessInitializeOnLoadAttributes (150ms)
				ProcessInitializeOnLoadMethodAttributes (27ms)
				AfterProcessingInitializeOnLoad (3ms)
				EditorAssembliesLoaded (0ms)
			ExecutionOrderSort2 (0ms)
			AwakeInstancesAfterBackupRestoration (4ms)
Platform modules already initialized, skipping
========================================================================
Worker process is ready to serve import requests
Launched and connected shader compiler UnityShaderCompiler.exe after 0.02 seconds
Refreshing native plugins compatible for Editor in 0.68 ms, found 4 plugins.
Preloading 0 native plugins for Editor in 0.00 ms.
Unloading 4219 Unused Serialized files (Serialized files now loaded: 0)
Unloading 41 unused Assets / (113.6 KB). Loaded Objects now: 4679.
Memory consumption went from 160.3 MB to 160.2 MB.
Total: 2.361900 ms (FindLiveObjects: 0.206900 ms CreateObjectMapping: 0.107000 ms MarkObjects: 1.976400 ms  DeleteObjects: 0.071200 ms)

AssetImportParameters requested are different than current active one (requested -> active):
  custom:video-decoder-ogg-theora: a1e56fd34408186e4bbccfd4996cb3dc -> 
  custom:container-muxer-webm: aa71ff27fc2769a1b78a27578f13a17b -> 
  custom:container-demuxer-webm: 4f35f7cbe854078d1ac9338744f61a02 -> 
  custom:video-encoder-webm-vp8: eb34c28f22e8b96e1ab97ce403110664 -> 
  custom:video-codec-MediaFoundation-h265: 746d11721c4dcdbdad8f713fa42b33f4 -> 
  custom:audio-encoder-webm-vorbis: bf7c407c2cedff20999df2af8eb42d56 -> 
  custom:framework-win-MediaFoundation: 216162199b28c13a410421893ffa2e32 -> 
  custom:container-demuxer-ogg: 62fdf1f143b41e24485cea50d1cbac27 -> 
  custom:video-decoder-webm-vp8: 9c59270c3fd7afecdb556c50c9e8de78 -> 
  custom:audio-decoder-ogg-vorbis: bf7c407c2cedff20999df2af8eb42d56 -> 
========================================================================
Received Import Request.
  Time since last request: 588205.745740 seconds.
  path: Assets/PolygonWestern/Models/SM_Veh_Cart_01.fbx
  artifactKey: Guid(31182badf6f318447a3c36d11c544025) Importer(815301076,1909f56bfc062723c751e8b465ee728b)
Start importing Assets/PolygonWestern/Models/SM_Veh_Cart_01.fbx using Guid(31182badf6f318447a3c36d11c544025) Importer(815301076,1909f56bfc062723c751e8b465ee728b)  -> (artifact id: 'c5660d2c7023eede80bcf83234dd7d27') in 0.229893 seconds 
========================================================================
Received Import Request.
  Time since last request: 0.000018 seconds.
  path: Assets/PolygonWestern/Models/Colliders/SM_Veh_Train_01_Collisions.fbx
  artifactKey: Guid(8660a863147bafe478fa3ab06d94cdcb) Importer(815301076,1909f56bfc062723c751e8b465ee728b)
Start importing Assets/PolygonWestern/Models/Colliders/SM_Veh_Train_01_Collisions.fbx using Guid(8660a863147bafe478fa3ab06d94cdcb) Importer(815301076,1909f56bfc062723c751e8b465ee728b)  -> (artifact id: 'e8d4cb1cf850c7bb79449066a1764014') in 0.035916 seconds 
========================================================================
Received Import Request.
  Time since last request: 0.000029 seconds.
  path: Assets/PolygonWestern/Models/SM_Wep_Revolver_01.fbx
  artifactKey: Guid(1213213946b39114083bc78376da0569) Importer(815301076,1909f56bfc062723c751e8b465ee728b)
Start importing Assets/PolygonWestern/Models/SM_Wep_Revolver_01.fbx using Guid(1213213946b39114083bc78376da0569) Importer(815301076,1909f56bfc062723c751e8b465ee728b)  -> (artifact id: '2657f400d14322c6b59ab11646dc7908') in 0.034395 seconds 
========================================================================
Received Import Request.
  Time since last request: 1.453379 seconds.
  path: Assets/PolygonWestern/Models/SM_Prop_WaterTrough_01.fbx
  artifactKey: Guid(4a17ba37dd757bf4d8446aad4ef40659) Importer(815301076,1909f56bfc062723c751e8b465ee728b)
Start importing Assets/PolygonWestern/Models/SM_Prop_WaterTrough_01.fbx using Guid(4a17ba37dd757bf4d8446aad4ef40659) Importer(815301076,1909f56bfc062723c751e8b465ee728b)  -> (artifact id: '42f1e1cad20a355ab6d1fb2c8f48af03') in 0.020254 seconds 
========================================================================
Received Import Request.
  Time since last request: 0.010494 seconds.
  path: Assets/PolygonWestern/Models/SM_Prop_Vegetables_Box_04.fbx
  artifactKey: Guid(5620b099fc9c4964a895c2a591b0c10f) Importer(815301076,1909f56bfc062723c751e8b465ee728b)
Start importing Assets/PolygonWestern/Models/SM_Prop_Vegetables_Box_04.fbx using Guid(5620b099fc9c4964a895c2a591b0c10f) Importer(815301076,1909f56bfc062723c751e8b465ee728b)  -> (artifact id: 'eab5d780236b19b9f5e8cc0ce0d01b43') in 0.015353 seconds 
========================================================================
Received Import Request.
  Time since last request: 0.012299 seconds.
  path: Assets/PolygonWestern/Models/SM_Prop_Tin_03.fbx
  artifactKey: Guid(99d74cc1ecd1f8042975979b7f8023ee) Importer(815301076,1909f56bfc062723c751e8b465ee728b)
Start importing Assets/PolygonWestern/Models/SM_Prop_Tin_03.fbx using Guid(99d74cc1ecd1f8042975979b7f8023ee) Importer(815301076,1909f56bfc062723c751e8b465ee728b)  -> (artifact id: '336374529ffabacb800ce0eaf92604a9') in 0.016156 seconds 
========================================================================
Received Import Request.
  Time since last request: 0.033665 seconds.
  path: Assets/PolygonWestern/Models/SM_Prop_Table_Vegetables_01.fbx
  artifactKey: Guid(fba90fa6279d0984d87ddd8a32fc7a0e) Importer(815301076,1909f56bfc062723c751e8b465ee728b)
Start importing Assets/PolygonWestern/Models/SM_Prop_Table_Vegetables_01.fbx using Guid(fba90fa6279d0984d87ddd8a32fc7a0e) Importer(815301076,1909f56bfc062723c751e8b465ee728b)  -> (artifact id: '427592e6179beac1e74792d777d4ba56') in 0.013211 seconds 
========================================================================
Received Import Request.
  Time since last request: 0.202196 seconds.
  path: Assets/PolygonWestern/Models/SM_Prop_Suitcase_01.fbx
  artifactKey: Guid(3cb202f261216ba45bda782f346bc538) Importer(815301076,1909f56bfc062723c751e8b465ee728b)
Start importing Assets/PolygonWestern/Models/SM_Prop_Suitcase_01.fbx using Guid(3cb202f261216ba45bda782f346bc538) Importer(815301076,1909f56bfc062723c751e8b465ee728b)  -> (artifact id: 'fb65090ccccdad68577c83f5fe44b966') in 0.022485 seconds 
========================================================================
Received Import Request.
  Time since last request: 0.023277 seconds.
  path: Assets/PolygonWestern/Models/SM_Prop_Sack_02.fbx
  artifactKey: Guid(5cd867e183af02c4ba17a56707b5840c) Importer(815301076,1909f56bfc062723c751e8b465ee728b)
Start importing Assets/PolygonWestern/Models/SM_Prop_Sack_02.fbx using Guid(5cd867e183af02c4ba17a56707b5840c) Importer(815301076,1909f56bfc062723c751e8b465ee728b)  -> (artifact id: '601bd2a2c6bebf940d9edacf0b14daf5') in 0.013912 seconds 
========================================================================
Received Import Request.
  Time since last request: 0.024116 seconds.
  path: Assets/PolygonWestern/Models/SM_Prop_RoadSign_01.fbx
  artifactKey: Guid(95204484a97df824ea551f8a6cd1151e) Importer(815301076,1909f56bfc062723c751e8b465ee728b)
Start importing Assets/PolygonWestern/Models/SM_Prop_RoadSign_01.fbx using Guid(95204484a97df824ea551f8a6cd1151e) Importer(815301076,1909f56bfc062723c751e8b465ee728b)  -> (artifact id: '9d9ebdfd6d4c1e2725f4a374dba875ef') in 0.013466 seconds 
========================================================================
Received Import Request.
  Time since last request: 0.019353 seconds.
  path: Assets/PolygonWestern/Models/SM_Prop_Poker_Chip_02.fbx
  artifactKey: Guid(30a5b2ce8fbfe0644976ea5dd14517ff) Importer(815301076,1909f56bfc062723c751e8b465ee728b)
Start importing Assets/PolygonWestern/Models/SM_Prop_Poker_Chip_02.fbx using Guid(30a5b2ce8fbfe0644976ea5dd14517ff) Importer(815301076,1909f56bfc062723c751e8b465ee728b)  -> (artifact id: 'c7da180e3d4f1acef7b855ea91b1928e') in 0.014152 seconds 
========================================================================
Received Import Request.
  Time since last request: 0.215167 seconds.
  path: Assets/PolygonWestern/Models/SM_Prop_MooseHead_01.fbx
  artifactKey: Guid(e26d55ec83d857544a59b730ccaf352e) Importer(815301076,1909f56bfc062723c751e8b465ee728b)
Start importing Assets/PolygonWestern/Models/SM_Prop_MooseHead_01.fbx using Guid(e26d55ec83d857544a59b730ccaf352e) Importer(815301076,1909f56bfc062723c751e8b465ee728b)  -> (artifact id: '09d226a713cb61b037d3bf17f73a7d59') in 0.016975 seconds 
========================================================================
Received Import Request.
  Time since last request: 0.014230 seconds.
  path: Assets/PolygonWestern/Models/SM_Prop_Lantern_02.fbx
  artifactKey: Guid(ecb9a67c18527fe4cb435680e2e01b8b) Importer(815301076,1909f56bfc062723c751e8b465ee728b)
Start importing Assets/PolygonWestern/Models/SM_Prop_Lantern_02.fbx using Guid(ecb9a67c18527fe4cb435680e2e01b8b) Importer(815301076,1909f56bfc062723c751e8b465ee728b)  -> (artifact id: '408d0f716efc5a2b7afdc2f0a6e9cb3b') in 0.017848 seconds 
========================================================================
Received Import Request.
  Time since last request: 0.010365 seconds.
  path: Assets/PolygonWestern/Models/SM_Prop_Grave_06.fbx
  artifactKey: Guid(62bb4878c774ac049a248541e73361d2) Importer(815301076,1909f56bfc062723c751e8b465ee728b)
Start importing Assets/PolygonWestern/Models/SM_Prop_Grave_06.fbx using Guid(62bb4878c774ac049a248541e73361d2) Importer(815301076,1909f56bfc062723c751e8b465ee728b)  -> (artifact id: '6061126303656cd63bc0dda3e037a7de') in 0.016878 seconds 
========================================================================
Received Import Request.
  Time since last request: 0.007687 seconds.
  path: Assets/PolygonWestern/Models/SM_Prop_Entrance_02.fbx
  artifactKey: Guid(e1ede88134d193840ba84785fedbe6ed) Importer(815301076,1909f56bfc062723c751e8b465ee728b)
Start importing Assets/PolygonWestern/Models/SM_Prop_Entrance_02.fbx using Guid(e1ede88134d193840ba84785fedbe6ed) Importer(815301076,1909f56bfc062723c751e8b465ee728b)  -> (artifact id: 'bbb4a18c1acdd89e4f337a7c0feaa8ba') in 0.014320 seconds 
========================================================================
Received Import Request.
  Time since last request: 0.000022 seconds.
  path: Assets/PolygonWestern/Models/SM_Prop_Fur_Roll_02.fbx
  artifactKey: Guid(e3b8cca8eb23846499313ea70009d70b) Importer(815301076,1909f56bfc062723c751e8b465ee728b)
Start importing Assets/PolygonWestern/Models/SM_Prop_Fur_Roll_02.fbx using Guid(e3b8cca8eb23846499313ea70009d70b) Importer(815301076,1909f56bfc062723c751e8b465ee728b)  -> (artifact id: '6a96bb628ba2c344dc2c9cc4e475456b') in 0.015549 seconds 
========================================================================
Received Import Request.
  Time since last request: 0.221716 seconds.
  path: Assets/PolygonWestern/Models/SM_Prop_Dresser_01.fbx
  artifactKey: Guid(38588795de01a814f9d1626bf689b240) Importer(815301076,1909f56bfc062723c751e8b465ee728b)
Start importing Assets/PolygonWestern/Models/SM_Prop_Dresser_01.fbx using Guid(38588795de01a814f9d1626bf689b240) Importer(815301076,1909f56bfc062723c751e8b465ee728b)  -> (artifact id: 'aa5226418c1b5147634bb143eebc226b') in 0.016334 seconds 
========================================================================
Received Import Request.
  Time since last request: 0.000607 seconds.
  path: Assets/PolygonWestern/Models/SM_Prop_Church_Pew_01.fbx
  artifactKey: Guid(a85a5a5164e77eb499c9203206e9deac) Importer(815301076,1909f56bfc062723c751e8b465ee728b)
Start importing Assets/PolygonWestern/Models/SM_Prop_Church_Pew_01.fbx using Guid(a85a5a5164e77eb499c9203206e9deac) Importer(815301076,1909f56bfc062723c751e8b465ee728b)  -> (artifact id: 'fb5248f6edc16005c78b0339a68dd2bd') in 0.014103 seconds 
========================================================================
Received Import Request.
  Time since last request: 0.002306 seconds.
  path: Assets/PolygonWestern/Models/SM_Prop_Crate_01.fbx
  artifactKey: Guid(57854fb99ba71af4286b47d5771ce020) Importer(815301076,1909f56bfc062723c751e8b465ee728b)
Start importing Assets/PolygonWestern/Models/SM_Prop_Crate_01.fbx using Guid(57854fb99ba71af4286b47d5771ce020) Importer(815301076,1909f56bfc062723c751e8b465ee728b)  -> (artifact id: '5291f5605afeea294e584bcbabecbeb2') in 0.015969 seconds 
========================================================================
Received Import Request.
  Time since last request: 0.004642 seconds.
  path: Assets/PolygonWestern/Models/SM_Prop_Church_Cross_02.fbx
  artifactKey: Guid(9cdda25f40c6ccd49a5484fb193cebdf) Importer(815301076,1909f56bfc062723c751e8b465ee728b)
Start importing Assets/PolygonWestern/Models/SM_Prop_Church_Cross_02.fbx using Guid(9cdda25f40c6ccd49a5484fb193cebdf) Importer(815301076,1909f56bfc062723c751e8b465ee728b)  -> (artifact id: 'cb3b5783dbe9e278f1ce2806aa3c9b97') in 0.013240 seconds 
Editor requested this worker to shutdown with reason: Scaling down because of idle timeout
AssetImportWorker is now disconnected from the server
Process exiting
Exiting without the bug reporter. Application will terminate with return code 0