Using pre-set license
Built from '2021.3/release' branch; Version is '2021.3.12f1 (8af3c3e441b1) revision 9106371'; Using compiler version '192829333'; Build Type 'Release'
OS: 'Windows 11  (10.0.22621) 64bit Core' Language: 'en' Physical Memory: 32627 MB
BatchMode: 1, IsHumanControllingUs: 0, StartBugReporterOnCrash: 0, Is64bit: 1, IsPro: 1

COMMAND LINE ARGUMENTS:
C:\Program Files\Unity\Hub\Editor\2021.3.12f1\Editor\Unity.exe
-adb2
-batchMode
-noUpm
-name
AssetImportWorker20
-projectPath
C:/Users/hello/whack-a-horse-udemy
-logFile
Logs/AssetImportWorker20.log
-srvPort
52053
Successfully changed project path to: C:/Users/hello/whack-a-horse-udemy
C:/Users/hello/whack-a-horse-udemy
[UnityMemory] Configuration Parameters - Can be set up in boot.config
    "memorysetup-bucket-allocator-granularity=16"
    "memorysetup-bucket-allocator-bucket-count=8"
    "memorysetup-bucket-allocator-block-size=33554432"
    "memorysetup-bucket-allocator-block-count=8"
    "memorysetup-main-allocator-block-size=16777216"
    "memorysetup-thread-allocator-block-size=16777216"
    "memorysetup-gfx-main-allocator-block-size=16777216"
    "memorysetup-gfx-thread-allocator-block-size=16777216"
    "memorysetup-cache-allocator-block-size=4194304"
    "memorysetup-typetree-allocator-block-size=2097152"
    "memorysetup-profiler-bucket-allocator-granularity=16"
    "memorysetup-profiler-bucket-allocator-bucket-count=8"
    "memorysetup-profiler-bucket-allocator-block-size=33554432"
    "memorysetup-profiler-bucket-allocator-block-count=8"
    "memorysetup-profiler-allocator-block-size=16777216"
    "memorysetup-profiler-editor-allocator-block-size=1048576"
    "memorysetup-temp-allocator-size-main=16777216"
    "memorysetup-job-temp-allocator-block-size=2097152"
    "memorysetup-job-temp-allocator-block-size-background=1048576"
    "memorysetup-job-temp-allocator-reduction-small-platforms=262144"
    "memorysetup-temp-allocator-size-background-worker=32768"
    "memorysetup-temp-allocator-size-job-worker=262144"
    "memorysetup-temp-allocator-size-preload-manager=33554432"
    "memorysetup-temp-allocator-size-nav-mesh-worker=65536"
    "memorysetup-temp-allocator-size-audio-worker=65536"
    "memorysetup-temp-allocator-size-cloud-worker=32768"
    "memorysetup-temp-allocator-size-gi-baking-worker=262144"
    "memorysetup-temp-allocator-size-gfx=262144"
Refreshing native plugins compatible for Editor in 66.81 ms, found 4 plugins.
Preloading 0 native plugins for Editor in 0.00 ms.
Initialize engine version: 2021.3.12f1 (8af3c3e441b1)
[Subsystems] Discovering subsystems at path C:/Program Files/Unity/Hub/Editor/2021.3.12f1/Editor/Data/Resources/UnitySubsystems
[Subsystems] Discovering subsystems at path C:/Users/hello/whack-a-horse-udemy/Assets
GfxDevice: creating device client; threaded=0; jobified=0
Direct3D:
    Version:  Direct3D 11.0 [level 11.1]
    Renderer: NVIDIA GeForce RTX 3090 (ID=0x2204)
    Vendor:   NVIDIA
    VRAM:     24340 MB
    Driver:   31.0.15.2647
Initialize mono
Mono path[0] = 'C:/Program Files/Unity/Hub/Editor/2021.3.12f1/Editor/Data/Managed'
Mono path[1] = 'C:/Program Files/Unity/Hub/Editor/2021.3.12f1/Editor/Data/MonoBleedingEdge/lib/mono/unityjit-win32'
Mono config path = 'C:/Program Files/Unity/Hub/Editor/2021.3.12f1/Editor/Data/MonoBleedingEdge/etc'
Using monoOptions --debugger-agent=transport=dt_socket,embedding=1,server=y,suspend=n,address=127.0.0.1:56544
Begin MonoManager ReloadAssembly
Registering precompiled unity dll's ...
Register platform support module: C:/Program Files/Unity/Hub/Editor/2021.3.12f1/Editor/Data/PlaybackEngines/WebGLSupport/UnityEditor.WebGL.Extensions.dll
Register platform support module: C:/Program Files/Unity/Hub/Editor/2021.3.12f1/Editor/Data/PlaybackEngines/WindowsStandaloneSupport/UnityEditor.WindowsStandalone.Extensions.dll
Registered in 0.002336 seconds.
Native extension for WindowsStandalone target not found
Native extension for WebGL target not found
Refreshing native plugins compatible for Editor in 59.51 ms, found 4 plugins.
Preloading 0 native plugins for Editor in 0.00 ms.
Mono: successfully reloaded assembly
- Completed reload, in  0.398 seconds
Domain Reload Profiling:
	ReloadAssembly (399ms)
		BeginReloadAssembly (48ms)
			ExecutionOrderSort (0ms)
			DisableScriptedObjects (0ms)
			BackupInstance (0ms)
			ReleaseScriptingObjects (0ms)
			CreateAndSetChildDomain (0ms)
		EndReloadAssembly (285ms)
			LoadAssemblies (47ms)
			RebuildTransferFunctionScriptingTraits (0ms)
			SetupTypeCache (62ms)
			ReleaseScriptCaches (0ms)
			RebuildScriptCaches (16ms)
			SetupLoadedEditorAssemblies (175ms)
				LogAssemblyErrors (0ms)
				InitializePlatformSupportModulesInManaged (5ms)
				SetLoadedEditorAssemblies (0ms)
				RefreshPlugins (60ms)
				BeforeProcessingInitializeOnLoad (1ms)
				ProcessInitializeOnLoadAttributes (83ms)
				ProcessInitializeOnLoadMethodAttributes (27ms)
				AfterProcessingInitializeOnLoad (0ms)
				EditorAssembliesLoaded (0ms)
			ExecutionOrderSort2 (0ms)
			AwakeInstancesAfterBackupRestoration (0ms)
Platform modules already initialized, skipping
Registering precompiled user dll's ...
Registered in 0.003534 seconds.
Begin MonoManager ReloadAssembly
Symbol file LoadedFromMemory doesn't match image C:\Users\hello\whack-a-horse-udemy\Library\PackageCache\com.unity.visualscripting@1.7.8\Editor\VisualScripting.Core\Dependencies\YamlDotNet\Unity.VisualScripting.YamlDotNet.dll
Symbol file LoadedFromMemory doesn't match image C:\Users\hello\whack-a-horse-udemy\Library\PackageCache\com.unity.visualscripting@1.7.8\Editor\VisualScripting.Core\Dependencies\DotNetZip\Unity.VisualScripting.IonicZip.dll
Native extension for WindowsStandalone target not found
Native extension for WebGL target not found
Refreshing native plugins compatible for Editor in 59.52 ms, found 4 plugins.
Preloading 0 native plugins for Editor in 0.00 ms.
Mono: successfully reloaded assembly
- Completed reload, in  0.740 seconds
Domain Reload Profiling:
	ReloadAssembly (740ms)
		BeginReloadAssembly (67ms)
			ExecutionOrderSort (0ms)
			DisableScriptedObjects (3ms)
			BackupInstance (0ms)
			ReleaseScriptingObjects (0ms)
			CreateAndSetChildDomain (13ms)
		EndReloadAssembly (607ms)
			LoadAssemblies (60ms)
			RebuildTransferFunctionScriptingTraits (0ms)
			SetupTypeCache (185ms)
			ReleaseScriptCaches (0ms)
			RebuildScriptCaches (33ms)
			SetupLoadedEditorAssemblies (301ms)
				LogAssemblyErrors (0ms)
				InitializePlatformSupportModulesInManaged (3ms)
				SetLoadedEditorAssemblies (0ms)
				RefreshPlugins (60ms)
				BeforeProcessingInitializeOnLoad (59ms)
				ProcessInitializeOnLoadAttributes (149ms)
				ProcessInitializeOnLoadMethodAttributes (27ms)
				AfterProcessingInitializeOnLoad (4ms)
				EditorAssembliesLoaded (0ms)
			ExecutionOrderSort2 (0ms)
			AwakeInstancesAfterBackupRestoration (4ms)
Platform modules already initialized, skipping
========================================================================
Worker process is ready to serve import requests
Launched and connected shader compiler UnityShaderCompiler.exe after 0.04 seconds
Refreshing native plugins compatible for Editor in 1.04 ms, found 4 plugins.
Preloading 0 native plugins for Editor in 0.00 ms.
Unloading 4219 Unused Serialized files (Serialized files now loaded: 0)
Unloading 41 unused Assets / (113.6 KB). Loaded Objects now: 4679.
Memory consumption went from 160.3 MB to 160.2 MB.
Total: 2.502800 ms (FindLiveObjects: 0.249400 ms CreateObjectMapping: 0.115900 ms MarkObjects: 2.046900 ms  DeleteObjects: 0.089900 ms)

AssetImportParameters requested are different than current active one (requested -> active):
  custom:video-decoder-ogg-theora: a1e56fd34408186e4bbccfd4996cb3dc -> 
  custom:container-muxer-webm: aa71ff27fc2769a1b78a27578f13a17b -> 
  custom:container-demuxer-webm: 4f35f7cbe854078d1ac9338744f61a02 -> 
  custom:video-encoder-webm-vp8: eb34c28f22e8b96e1ab97ce403110664 -> 
  custom:video-codec-MediaFoundation-h265: 746d11721c4dcdbdad8f713fa42b33f4 -> 
  custom:audio-encoder-webm-vorbis: bf7c407c2cedff20999df2af8eb42d56 -> 
  custom:framework-win-MediaFoundation: 216162199b28c13a410421893ffa2e32 -> 
  custom:container-demuxer-ogg: 62fdf1f143b41e24485cea50d1cbac27 -> 
  custom:video-decoder-webm-vp8: 9c59270c3fd7afecdb556c50c9e8de78 -> 
  custom:audio-decoder-ogg-vorbis: bf7c407c2cedff20999df2af8eb42d56 -> 
========================================================================
Received Import Request.
  Time since last request: 588205.746046 seconds.
  path: Assets/PolygonWestern/Models/SM_Veh_Stagecoach_01.fbx
  artifactKey: Guid(31df0c18789189b4baff448d1eeba89d) Importer(815301076,1909f56bfc062723c751e8b465ee728b)
Start importing Assets/PolygonWestern/Models/SM_Veh_Stagecoach_01.fbx using Guid(31df0c18789189b4baff448d1eeba89d) Importer(815301076,1909f56bfc062723c751e8b465ee728b)  -> (artifact id: 'b4aa89f0360e4e11a109ebfb594f9671') in 0.308365 seconds 
========================================================================
Received Import Request.
  Time since last request: 1.460473 seconds.
  path: Assets/PolygonWestern/Models/SM_Prop_Wood_Pile_02.fbx
  artifactKey: Guid(75a70f9b12afdb54f8567e541a13afcb) Importer(815301076,1909f56bfc062723c751e8b465ee728b)
Start importing Assets/PolygonWestern/Models/SM_Prop_Wood_Pile_02.fbx using Guid(75a70f9b12afdb54f8567e541a13afcb) Importer(815301076,1909f56bfc062723c751e8b465ee728b)  -> (artifact id: '7d3c749b4ddc5e87bd27d9b0a1443ff4') in 0.017923 seconds 
========================================================================
Received Import Request.
  Time since last request: 0.041759 seconds.
  path: Assets/PolygonWestern/Models/SM_Prop_Tumbleweed_02.fbx
  artifactKey: Guid(ab0ee7f7c5210e04aae4ac8eb44086d3) Importer(815301076,1909f56bfc062723c751e8b465ee728b)
Start importing Assets/PolygonWestern/Models/SM_Prop_Tumbleweed_02.fbx using Guid(ab0ee7f7c5210e04aae4ac8eb44086d3) Importer(815301076,1909f56bfc062723c751e8b465ee728b)  -> (artifact id: 'cbb8925f28759be7fadc92e4b1ce7bfd') in 0.017626 seconds 
========================================================================
Received Import Request.
  Time since last request: 0.273588 seconds.
  path: Assets/PolygonWestern/Models/SM_Prop_Stick_Bundle_01.fbx
  artifactKey: Guid(d69ddbfccbc1203438fc6b0bcaba8b7f) Importer(815301076,1909f56bfc062723c751e8b465ee728b)
Start importing Assets/PolygonWestern/Models/SM_Prop_Stick_Bundle_01.fbx using Guid(d69ddbfccbc1203438fc6b0bcaba8b7f) Importer(815301076,1909f56bfc062723c751e8b465ee728b)  -> (artifact id: '18a7dd4e22c0854537ea1762b04836c4') in 0.016405 seconds 
========================================================================
Received Import Request.
  Time since last request: 0.010533 seconds.
  path: Assets/PolygonWestern/Models/SM_Prop_Sack_04.fbx
  artifactKey: Guid(4473ec1dd74f8444aba5c404a385275e) Importer(815301076,1909f56bfc062723c751e8b465ee728b)
Start importing Assets/PolygonWestern/Models/SM_Prop_Sack_04.fbx using Guid(4473ec1dd74f8444aba5c404a385275e) Importer(815301076,1909f56bfc062723c751e8b465ee728b)  -> (artifact id: '8041fca2ae972a6b631a032559c73de1') in 0.018319 seconds 
========================================================================
Received Import Request.
  Time since last request: 0.019273 seconds.
  path: Assets/PolygonWestern/Models/SM_Prop_Rope_02.fbx
  artifactKey: Guid(3f42a40fa6681d14daa1ef7194c96a83) Importer(815301076,1909f56bfc062723c751e8b465ee728b)
Start importing Assets/PolygonWestern/Models/SM_Prop_Rope_02.fbx using Guid(3f42a40fa6681d14daa1ef7194c96a83) Importer(815301076,1909f56bfc062723c751e8b465ee728b)  -> (artifact id: '54b14ac5649779dfa5d85e922f4b8e50') in 0.013402 seconds 
========================================================================
Received Import Request.
  Time since last request: 0.260888 seconds.
  path: Assets/PolygonWestern/Models/SM_Prop_Loghalf_02.fbx
  artifactKey: Guid(c90508e263abfb94d9b5dfa0213fda4a) Importer(815301076,1909f56bfc062723c751e8b465ee728b)
Start importing Assets/PolygonWestern/Models/SM_Prop_Loghalf_02.fbx using Guid(c90508e263abfb94d9b5dfa0213fda4a) Importer(815301076,1909f56bfc062723c751e8b465ee728b)  -> (artifact id: '6525cd366ae9f909383043ffa5eee19f') in 0.016075 seconds 
========================================================================
Received Import Request.
  Time since last request: 0.036517 seconds.
  path: Assets/PolygonWestern/Models/SM_Prop_HitchingPost_01.fbx
  artifactKey: Guid(615ed493e26ed55418401354f6f38c4c) Importer(815301076,1909f56bfc062723c751e8b465ee728b)
Start importing Assets/PolygonWestern/Models/SM_Prop_HitchingPost_01.fbx using Guid(615ed493e26ed55418401354f6f38c4c) Importer(815301076,1909f56bfc062723c751e8b465ee728b)  -> (artifact id: 'd890aee20768bae2c42f36787f7185bd') in 0.015462 seconds 
========================================================================
Received Import Request.
  Time since last request: 0.016276 seconds.
  path: Assets/PolygonWestern/Models/SM_Prop_Fireplace_01_SmokeStack.fbx
  artifactKey: Guid(16887bad0e568514eb1d73f30b938bab) Importer(815301076,1909f56bfc062723c751e8b465ee728b)
Start importing Assets/PolygonWestern/Models/SM_Prop_Fireplace_01_SmokeStack.fbx using Guid(16887bad0e568514eb1d73f30b938bab) Importer(815301076,1909f56bfc062723c751e8b465ee728b)  -> (artifact id: '54f0ea016a8d5a7ee73ebc8ecbbcd718') in 0.013241 seconds 
========================================================================
Received Import Request.
  Time since last request: 0.238531 seconds.
  path: Assets/PolygonWestern/Models/SM_Prop_Curtain_02.fbx
  artifactKey: Guid(6a5df79a88118704e80b132c7e4ed29a) Importer(815301076,1909f56bfc062723c751e8b465ee728b)
Start importing Assets/PolygonWestern/Models/SM_Prop_Curtain_02.fbx using Guid(6a5df79a88118704e80b132c7e4ed29a) Importer(815301076,1909f56bfc062723c751e8b465ee728b)  -> (artifact id: '6f149dcdfc96888c93eec119e6113914') in 0.017211 seconds 
========================================================================
Received Import Request.
  Time since last request: 0.021044 seconds.
  path: Assets/PolygonWestern/Models/SM_Prop_Cup_02.fbx
  artifactKey: Guid(a350ade276fb0ca4e8d3fd24555df75d) Importer(815301076,1909f56bfc062723c751e8b465ee728b)
Start importing Assets/PolygonWestern/Models/SM_Prop_Cup_02.fbx using Guid(a350ade276fb0ca4e8d3fd24555df75d) Importer(815301076,1909f56bfc062723c751e8b465ee728b)  -> (artifact id: '4bdc390bdd988eb32e8ae0044069e7ff') in 0.016745 seconds 
Editor requested this worker to shutdown with reason: Scaling down because of idle timeout
AssetImportWorker is now disconnected from the server
Process exiting
Exiting without the bug reporter. Application will terminate with return code 0